#
# A fatal error has been detected by the Java Runtime Environment:
#
#  EXCEPTION_ACCESS_VIOLATION (0xc0000005) at pc=0x617493cd, pid=9488, tid=0x00002634
#
# JRE version: Java(TM) SE Runtime Environment (8.0_92-b14) (build 1.8.0_92-b14)
# Java VM: Java HotSpot(TM) Client VM (25.92-b14 mixed mode windows-x86 )
# Problematic frame:
# C  [listSerialsj.dll+0x93cd]
#
# Failed to write core dump. Minidumps are not enabled by default on client versions of Windows
#
# If you would like to submit a bug report, please visit:
#   http://bugreport.java.com/bugreport/crash.jsp
# The crash happened outside the Java Virtual Machine in native code.
# See problematic frame for where to report the bug.
#

---------------  T H R E A D  ---------------

Current thread (0x28197c00):  JavaThread "cc.arduino.packages.discoverers.serial.SerialBoardsLister" [_thread_in_native, id=9780, stack(0x27e10000,0x27e60000)]

siginfo: ExceptionCode=0xc0000005, writing address 0x00000000

Registers:
EAX=0x00000000, EBX=0x00000a24, ECX=0x00000000, EDX=0x00000001
ESP=0x27e5eee0, EBP=0x27e5f338, ESI=0x00000001, EDI=0x00bd22c0
EIP=0x617493cd, EFLAGS=0x00010246

Top of Stack: (sp=0x27e5eee0)
0x27e5eee0:   259e41b8 0000002e 00000002 00000000
0x27e5eef0:   00000003 00000000 00000000 00000000
0x27e5ef00:   00000002 00bd2660 0000006c 76f0a540
0x27e5ef10:   259e4050 00e87645 00bd2748 00000041
0x27e5ef20:   76e7c070 00000007 0000001b 00000002
0x27e5ef30:   00000001 0000006c 0000009c 0000008c
0x27e5ef40:   008cef2c 00000000 334d4f43 00e7d200
0x27e5ef50:   00425355 fffffffe 76e7c065 617419bf 

Instructions: (pc=0x617493cd)
0x617493ad:   8b 45 08 8b 90 94 00 00 00 85 d2 74 16 8b 40 2c
0x617493bd:   c7 44 24 04 2e 00 00 00 89 04 24 e8 73 14 00 00
0x617493cd:   c6 00 00 8d 85 04 fc ff ff 89 44 24 18 8d 85 0a
0x617493dd:   fc ff ff 89 44 24 10 a1 e4 01 75 61 c7 85 04 fc 


Register to memory mapping:

EAX=0x00000000 is an unknown value
EBX=0x00000a24 is an unknown value
ECX=0x00000000 is an unknown value
EDX=0x00000001 is an unknown value
ESP=0x27e5eee0 is pointing into the stack for thread: 0x28197c00
EBP=0x27e5f338 is pointing into the stack for thread: 0x28197c00
ESI=0x00000001 is an unknown value
EDI=0x00bd22c0 is an unknown value


Stack: [0x27e10000,0x27e60000],  sp=0x27e5eee0,  free space=315k
Native frames: (J=compiled Java code, j=interpreted, Vv=VM code, C=native code)
C  [listSerialsj.dll+0x93cd]
C  [listSerialsj.dll+0x2211]

Java frames: (J=compiled Java code, j=interpreted, Vv=VM code)
j  processing.app.Platform.listSerialsNative()[Ljava/lang/String;+0
j  processing.app.Platform.listSerials()Ljava/util/List;+5
j  cc.arduino.packages.discoverers.serial.SerialBoardsLister.retriggerDiscovery(Z)V+22
j  cc.arduino.packages.discoverers.serial.SerialBoardsLister.run()V+9
j  java.util.TimerThread.mainLoop()V+221
j  java.util.TimerThread.run()V+1
v  ~StubRoutines::call_stub

---------------  P R O C E S S  ---------------

Java Threads: ( => current thread )
  0x282a1400 JavaThread "DestroyJavaVM" [_thread_blocked, id=13020, stack(0x02660000,0x026b0000)]
  0x282a3c00 JavaThread "TimerQueue" daemon [_thread_blocked, id=4320, stack(0x29c40000,0x29c90000)]
  0x2829fc00 JavaThread "Batik CleanerThread" daemon [_thread_blocked, id=9776, stack(0x29620000,0x29670000)]
  0x2829f400 JavaThread "JmDNS(fe80:0:0:0:e468:21aa:6a07:d85d%eth3.local.).Timer" daemon [_thread_blocked, id=12404, stack(0x29310000,0x29360000)]
  0x2828c000 JavaThread "JmDNS(fe80:0:0:0:e468:21aa:6a07:d85d%eth3.local.).State.Timer" [_thread_blocked, id=6956, stack(0x29280000,0x292d0000)]
  0x2828d800 JavaThread "JmDNS(fe80:0:0:0:e468:21aa:6a07:d85d%eth3.local.).Timer" daemon [_thread_blocked, id=12232, stack(0x291f0000,0x29240000)]
  0x2828d000 JavaThread "SocketListener(fe80:0:0:0:e468:21aa:6a07:d85d%eth3.local.)" daemon [_thread_in_native, id=8736, stack(0x29160000,0x291b0000)]
  0x2828cc00 JavaThread "JmDNS(10-151-55-1.local.).Timer" daemon [_thread_blocked, id=5316, stack(0x290d0000,0x29120000)]
  0x2828c400 JavaThread "JmDNS(10-151-55-1.local.).State.Timer" [_thread_blocked, id=1888, stack(0x29040000,0x29090000)]
  0x2828e000 JavaThread "JmDNS(10-151-55-1.local.).Timer" daemon [_thread_blocked, id=10848, stack(0x28fb0000,0x29000000)]
  0x28245400 JavaThread "SocketListener(10-151-55-1.local.)" daemon [_thread_in_native, id=6960, stack(0x28f20000,0x28f70000)]
  0x28244c00 JavaThread "AWT-EventQueue-0" [_thread_blocked, id=7340, stack(0x27bb0000,0x27c00000)]
  0x28244400 JavaThread "AWT-Shutdown" [_thread_blocked, id=3116, stack(0x26380000,0x263d0000)]
  0x28199000 JavaThread "cc.arduino.packages.discoverers.network.BoardReachabilityFilter" [_thread_blocked, id=5252, stack(0x28be0000,0x28c30000)]
  0x28198400 JavaThread "cc.arduino.packages.discoverers.network.NetworkChecker" [_thread_blocked, id=772, stack(0x28b50000,0x28ba0000)]
=>0x28197c00 JavaThread "cc.arduino.packages.discoverers.serial.SerialBoardsLister" [_thread_in_native, id=9780, stack(0x27e10000,0x27e60000)]
  0x25f07800 JavaThread "AWT-Windows" daemon [_thread_in_native, id=8808, stack(0x26410000,0x26460000)]
  0x25f04400 JavaThread "Java2D Disposer" daemon [_thread_blocked, id=5576, stack(0x262f0000,0x26340000)]
  0x25317800 JavaThread "Service Thread" daemon [_thread_blocked, id=3436, stack(0x25ce0000,0x25d30000)]
  0x2531bc00 JavaThread "C1 CompilerThread0" daemon [_thread_blocked, id=11752, stack(0x25c50000,0x25ca0000)]
  0x2531a400 JavaThread "Attach Listener" daemon [_thread_blocked, id=11716, stack(0x25bc0000,0x25c10000)]
  0x25318400 JavaThread "Signal Dispatcher" daemon [_thread_blocked, id=10144, stack(0x25b30000,0x25b80000)]
  0x252fbc00 JavaThread "Finalizer" daemon [_thread_blocked, id=9328, stack(0x258a0000,0x258f0000)]
  0x252e5c00 JavaThread "Reference Handler" daemon [_thread_blocked, id=3292, stack(0x25770000,0x257c0000)]

Other Threads:
  0x025ad800 VMThread [stack: 0x25290000,0x252e0000] [id=788]
  0x25314400 WatcherThread [stack: 0x25d70000,0x25dc0000] [id=11696]

VM state:not at safepoint (normal execution)

VM Mutex/Monitor currently owned by a thread: None

Heap:
 def new generation   total 39424K, used 35214K [0x04a00000, 0x074c0000, 0x0f4a0000)
  eden space 35072K,  87% used [0x04a00000, 0x06823bd0, 0x06c40000)
  from space 4352K, 100% used [0x06c40000, 0x07080000, 0x07080000)
  to   space 4352K,   0% used [0x07080000, 0x07080000, 0x074c0000)
 tenured generation   total 87424K, used 36197K [0x0f4a0000, 0x14a00000, 0x24a00000)
   the space 87424K,  41% used [0x0f4a0000, 0x117f96f8, 0x117f9800, 0x14a00000)
 Metaspace       used 17538K, capacity 17960K, committed 18048K, reserved 18816K

Card table byte_map: [0x04850000,0x04960000] byte_map_base: 0x0482b000

Polling page: 0x024a0000

CodeCache: size=32768Kb used=3477Kb max_used=3477Kb free=29290Kb
 bounds [0x027d0000, 0x02b38000, 0x047d0000]
 total_blobs=2297 nmethods=2023 adapters=202
 compilation: enabled

Compilation events (10 events):
Event: 544.353 Thread 0x2531bc00 2059   !         javax.jmdns.impl.NetworkTopologyDiscoveryImpl::useInetAddress (82 bytes)
Event: 544.354 Thread 0x2531bc00 nmethod 2059 0x02b34488 code [0x02b345c0, 0x02b34814]
Event: 586.290 Thread 0x2531bc00 2060             java.net.Inet4Address::<init> (29 bytes)
Event: 586.290 Thread 0x2531bc00 nmethod 2060 0x02b34b08 code [0x02b34c00, 0x02b34d10]
Event: 718.230 Thread 0x2531bc00 2061             java.util.LinkedList::addAll (182 bytes)
Event: 718.230 Thread 0x2531bc00 nmethod 2061 0x02b34dc8 code [0x02b34f00, 0x02b35200]
Event: 727.380 Thread 0x2531bc00 2062   !         sun.reflect.GeneratedMethodAccessor48::invoke (68 bytes)
Event: 727.380 Thread 0x2531bc00 nmethod 2062 0x02b35508 code [0x02b35660, 0x02b359b8]
Event: 757.386 Thread 0x2531bc00 2063             java.util.HashMap$KeySpliterator::forEachRemaining (186 bytes)
Event: 757.386 Thread 0x2531bc00 nmethod 2063 0x02b35cc8 code [0x02b35e00, 0x02b360a4]

GC Heap History (10 events):
Event: 0.846 GC heap before
{Heap before GC invocations=0 (full 0):
 def new generation   total 39296K, used 34944K [0x04a00000, 0x074a0000, 0x0f4a0000)
  eden space 34944K, 100% used [0x04a00000, 0x06c20000, 0x06c20000)
  from space 4352K,   0% used [0x06c20000, 0x06c20000, 0x07060000)
  to   space 4352K,   0% used [0x07060000, 0x07060000, 0x074a0000)
 tenured generation   total 87424K, used 0K [0x0f4a0000, 0x14a00000, 0x24a00000)
   the space 87424K,   0% used [0x0f4a0000, 0x0f4a0000, 0x0f4a0200, 0x14a00000)
 Metaspace       used 9663K, capacity 9862K, committed 9984K, reserved 10624K
Event: 0.857 GC heap after
Heap after GC invocations=1 (full 0):
 def new generation   total 39296K, used 4352K [0x04a00000, 0x074a0000, 0x0f4a0000)
  eden space 34944K,   0% used [0x04a00000, 0x04a00000, 0x06c20000)
  from space 4352K, 100% used [0x07060000, 0x074a0000, 0x074a0000)
  to   space 4352K,   0% used [0x06c20000, 0x06c20000, 0x07060000)
 tenured generation   total 87424K, used 2799K [0x0f4a0000, 0x14a00000, 0x24a00000)
   the space 87424K,   3% used [0x0f4a0000, 0x0f75bd20, 0x0f75be00, 0x14a00000)
 Metaspace       used 9663K, capacity 9862K, committed 9984K, reserved 10624K
}
Event: 1.319 GC heap before
{Heap before GC invocations=1 (full 0):
 def new generation   total 39296K, used 39296K [0x04a00000, 0x074a0000, 0x0f4a0000)
  eden space 34944K, 100% used [0x04a00000, 0x06c20000, 0x06c20000)
  from space 4352K, 100% used [0x07060000, 0x074a0000, 0x074a0000)
  to   space 4352K,   0% used [0x06c20000, 0x06c20000, 0x07060000)
 tenured generation   total 87424K, used 2799K [0x0f4a0000, 0x14a00000, 0x24a00000)
   the space 87424K,   3% used [0x0f4a0000, 0x0f75bd20, 0x0f75be00, 0x14a00000)
 Metaspace       used 10845K, capacity 11186K, committed 11264K, reserved 11648K
Event: 1.343 GC heap after
Heap after GC invocations=2 (full 0):
 def new generation   total 39296K, used 4352K [0x04a00000, 0x074a0000, 0x0f4a0000)
  eden space 34944K,   0% used [0x04a00000, 0x04a00000, 0x06c20000)
  from space 4352K, 100% used [0x06c20000, 0x07060000, 0x07060000)
  to   space 4352K,   0% used [0x07060000, 0x07060000, 0x074a0000)
 tenured generation   total 87424K, used 10197K [0x0f4a0000, 0x14a00000, 0x24a00000)
   the space 87424K,  11% used [0x0f4a0000, 0x0fe954e8, 0x0fe95600, 0x14a00000)
 Metaspace       used 10845K, capacity 11186K, committed 11264K, reserved 11648K
}
Event: 1.764 GC heap before
{Heap before GC invocations=2 (full 0):
 def new generation   total 39296K, used 22354K [0x04a00000, 0x074a0000, 0x0f4a0000)
  eden space 34944K,  51% used [0x04a00000, 0x05b94b38, 0x06c20000)
  from space 4352K, 100% used [0x06c20000, 0x07060000, 0x07060000)
  to   space 4352K,   0% used [0x07060000, 0x07060000, 0x074a0000)
 tenured generation   total 87424K, used 10197K [0x0f4a0000, 0x14a00000, 0x24a00000)
   the space 87424K,  11% used [0x0f4a0000, 0x0fe954e8, 0x0fe95600, 0x14a00000)
 Metaspace       used 11924K, capacity 12264K, committed 12288K, reserved 12672K
Event: 1.795 GC heap after
Heap after GC invocations=3 (full 1):
 def new generation   total 39424K, used 0K [0x04a00000, 0x074c0000, 0x0f4a0000)
  eden space 35072K,   0% used [0x04a00000, 0x04a00000, 0x06c40000)
  from space 4352K,   0% used [0x06c40000, 0x06c40000, 0x07080000)
  to   space 4352K,   0% used [0x07080000, 0x07080000, 0x074c0000)
 tenured generation   total 87424K, used 16639K [0x0f4a0000, 0x14a00000, 0x24a00000)
   the space 87424K,  19% used [0x0f4a0000, 0x104dfe00, 0x104dfe00, 0x14a00000)
 Metaspace       used 11924K, capacity 12264K, committed 12288K, reserved 12672K
}
Event: 2.539 GC heap before
{Heap before GC invocations=3 (full 1):
 def new generation   total 39424K, used 35072K [0x04a00000, 0x074c0000, 0x0f4a0000)
  eden space 35072K, 100% used [0x04a00000, 0x06c40000, 0x06c40000)
  from space 4352K,   0% used [0x06c40000, 0x06c40000, 0x07080000)
  to   space 4352K,   0% used [0x07080000, 0x07080000, 0x074c0000)
 tenured generation   total 87424K, used 16639K [0x0f4a0000, 0x14a00000, 0x24a00000)
   the space 87424K,  19% used [0x0f4a0000, 0x104dfe00, 0x104dfe00, 0x14a00000)
 Metaspace       used 16516K, capacity 16879K, committed 17024K, reserved 17792K
Event: 2.549 GC heap after
Heap after GC invocations=4 (full 1):
 def new generation   total 39424K, used 4352K [0x04a00000, 0x074c0000, 0x0f4a0000)
  eden space 35072K,   0% used [0x04a00000, 0x04a00000, 0x06c40000)
  from space 4352K, 100% used [0x07080000, 0x074c0000, 0x074c0000)
  to   space 4352K,   0% used [0x06c40000, 0x06c40000, 0x07080000)
 tenured generation   total 87424K, used 18663K [0x0f4a0000, 0x14a00000, 0x24a00000)
   the space 87424K,  21% used [0x0f4a0000, 0x106d9d20, 0x106d9e00, 0x14a00000)
 Metaspace       used 16516K, capacity 16879K, committed 17024K, reserved 17792K
}
Event: 4.022 GC heap before
{Heap before GC invocations=4 (full 1):
 def new generation   total 39424K, used 36888K [0x04a00000, 0x074c0000, 0x0f4a0000)
  eden space 35072K,  92% used [0x04a00000, 0x069c6138, 0x06c40000)
  from space 4352K, 100% used [0x07080000, 0x074c0000, 0x074c0000)
  to   space 4352K,   0% used [0x06c40000, 0x06c40000, 0x07080000)
 tenured generation   total 87424K, used 18663K [0x0f4a0000, 0x14a00000, 0x24a00000)
   the space 87424K,  21% used [0x0f4a0000, 0x106d9d20, 0x106d9e00, 0x14a00000)
 Metaspace       used 17302K, capacity 17729K, committed 17792K, reserved 17792K
Event: 4.051 GC heap after
Heap after GC invocations=5 (full 1):
 def new generation   total 39424K, used 4352K [0x04a00000, 0x074c0000, 0x0f4a0000)
  eden space 35072K,   0% used [0x04a00000, 0x04a00000, 0x06c40000)
  from space 4352K, 100% used [0x06c40000, 0x07080000, 0x07080000)
  to   space 4352K,   0% used [0x07080000, 0x07080000, 0x074c0000)
 tenured generation   total 87424K, used 36197K [0x0f4a0000, 0x14a00000, 0x24a00000)
   the space 87424K,  41% used [0x0f4a0000, 0x117f96f8, 0x117f9800, 0x14a00000)
 Metaspace       used 17302K, capacity 17729K, committed 17792K, reserved 17792K
}

Deoptimization events (0 events):
No events

Internal exceptions (10 events):
Event: 1.445 Thread 0x00abd800 Exception <a 'sun/nio/fs/WindowsException'> (0x050ba4d8) thrown at [C:\workspace\8-2-build-windows-i586-cygwin\jdk8u92\6642\hotspot\src\share\vm\prims\jni.cpp, line 709]
Event: 1.445 Thread 0x00abd800 Exception <a 'sun/nio/fs/WindowsException'> (0x050baa90) thrown at [C:\workspace\8-2-build-windows-i586-cygwin\jdk8u92\6642\hotspot\src\share\vm\prims\jni.cpp, line 709]
Event: 1.445 Thread 0x00abd800 Exception <a 'sun/nio/fs/WindowsException'> (0x050c6df0) thrown at [C:\workspace\8-2-build-windows-i586-cygwin\jdk8u92\6642\hotspot\src\share\vm\prims\jni.cpp, line 709]
Event: 1.445 Thread 0x00abd800 Exception <a 'sun/nio/fs/WindowsException'> (0x050c73f8) thrown at [C:\workspace\8-2-build-windows-i586-cygwin\jdk8u92\6642\hotspot\src\share\vm\prims\jni.cpp, line 709]
Event: 1.446 Thread 0x00abd800 Exception <a 'sun/nio/fs/WindowsException'> (0x050d2a98) thrown at [C:\workspace\8-2-build-windows-i586-cygwin\jdk8u92\6642\hotspot\src\share\vm\prims\jni.cpp, line 709]
Event: 1.446 Thread 0x00abd800 Exception <a 'sun/nio/fs/WindowsException'> (0x050d3078) thrown at [C:\workspace\8-2-build-windows-i586-cygwin\jdk8u92\6642\hotspot\src\share\vm\prims\jni.cpp, line 709]
Event: 1.447 Thread 0x00abd800 Exception <a 'sun/nio/fs/WindowsException'> (0x050df1c0) thrown at [C:\workspace\8-2-build-windows-i586-cygwin\jdk8u92\6642\hotspot\src\share\vm\prims\jni.cpp, line 709]
Event: 1.447 Thread 0x00abd800 Exception <a 'sun/nio/fs/WindowsException'> (0x050df728) thrown at [C:\workspace\8-2-build-windows-i586-cygwin\jdk8u92\6642\hotspot\src\share\vm\prims\jni.cpp, line 709]
Event: 1.448 Thread 0x00abd800 Exception <a 'sun/nio/fs/WindowsException'> (0x050f6bd8) thrown at [C:\workspace\8-2-build-windows-i586-cygwin\jdk8u92\6642\hotspot\src\share\vm\prims\jni.cpp, line 709]
Event: 1.448 Thread 0x00abd800 Exception <a 'sun/nio/fs/WindowsException'> (0x050f7140) thrown at [C:\workspace\8-2-build-windows-i586-cygwin\jdk8u92\6642\hotspot\src\share\vm\prims\jni.cpp, line 709]

Events (10 events):
Event: 49.012 loading class sun/reflect/SerializationConstructorAccessorImpl
Event: 49.012 loading class sun/reflect/SerializationConstructorAccessorImpl done
Event: 49.012 loading class java/io/ObjectStreamClass$FieldReflectorKey
Event: 49.012 loading class java/io/ObjectStreamClass$FieldReflectorKey done
Event: 49.012 loading class java/io/ObjectStreamClass$FieldReflector
Event: 49.012 loading class java/io/ObjectStreamClass$FieldReflector done
Event: 49.848 loading class com/sun/java/swing/plaf/windows/AnimationController$1
Event: 49.848 loading class com/sun/java/swing/plaf/windows/AnimationController$1 done
Event: 90.058 Thread 0x2531bc00 flushing nmethod 0x028ac308
Event: 90.058 Thread 0x2531bc00 flushing nmethod 0x028adbc8


Dynamic libraries:
0x00210000 - 0x00243000 	C:\Program Files (x86)\Arduino\java\bin\javaw.exe
0x77b10000 - 0x77c93000 	C:\WINDOWS\SYSTEM32\ntdll.dll
0x74750000 - 0x74830000 	C:\WINDOWS\System32\KERNEL32.DLL
0x748a0000 - 0x74a41000 	C:\WINDOWS\System32\KERNELBASE.dll
0x746d0000 - 0x74747000 	C:\WINDOWS\System32\ADVAPI32.dll
0x76e20000 - 0x76ede000 	C:\WINDOWS\System32\msvcrt.dll
0x76910000 - 0x76951000 	C:\WINDOWS\System32\sechost.dll
0x74c70000 - 0x74d31000 	C:\WINDOWS\System32\RPCRT4.dll
0x745d0000 - 0x745ee000 	C:\WINDOWS\System32\SspiCli.dll
0x745c0000 - 0x745ca000 	C:\WINDOWS\System32\CRYPTBASE.dll
0x76bf0000 - 0x76c4a000 	C:\WINDOWS\System32\bcryptPrimitives.dll
0x765c0000 - 0x7671f000 	C:\WINDOWS\System32\USER32.dll
0x76490000 - 0x764a5000 	C:\WINDOWS\System32\win32u.dll
0x76a50000 - 0x76a7b000 	C:\WINDOWS\System32\GDI32.dll
0x76a90000 - 0x76beb000 	C:\WINDOWS\System32\gdi32full.dll
0x68190000 - 0x6839a000 	C:\WINDOWS\WinSxS\x86_microsoft.windows.common-controls_6595b64144ccf1df_6.0.14393.953_none_89c2555adb023171\COMCTL32.dll
0x74a50000 - 0x74c61000 	C:\WINDOWS\System32\combase.dll
0x74d90000 - 0x74e70000 	C:\WINDOWS\System32\ucrtbase.dll
0x74ff0000 - 0x75015000 	C:\WINDOWS\System32\IMM32.DLL
0x69d60000 - 0x69e1f000 	C:\Program Files (x86)\Arduino\java\bin\msvcr100.dll
0x694f0000 - 0x698bb000 	C:\Program Files (x86)\Arduino\java\bin\client\jvm.dll
0x764b0000 - 0x764b6000 	C:\WINDOWS\System32\PSAPI.DLL
0x73f60000 - 0x73f68000 	C:\WINDOWS\SYSTEM32\WSOCK32.dll
0x731d0000 - 0x731f4000 	C:\WINDOWS\SYSTEM32\WINMM.dll
0x74830000 - 0x74893000 	C:\WINDOWS\System32\WS2_32.dll
0x73b70000 - 0x73b78000 	C:\WINDOWS\SYSTEM32\VERSION.dll
0x730a0000 - 0x730c3000 	C:\WINDOWS\SYSTEM32\WINMMBASE.dll
0x768d0000 - 0x76906000 	C:\WINDOWS\System32\cfgmgr32.dll
0x6d7c0000 - 0x6d7f1000 	C:\Program Files (x86)\Arduino\java\bin\splashscreen.dll
0x74540000 - 0x745b5000 	C:\WINDOWS\system32\uxtheme.dll
0x6ea40000 - 0x6ea4c000 	C:\Program Files (x86)\Arduino\java\bin\verify.dll
0x76ce0000 - 0x76e15000 	C:\WINDOWS\System32\MSCTF.dll
0x76790000 - 0x76824000 	C:\WINDOWS\System32\OLEAUT32.dll
0x77a40000 - 0x77abb000 	C:\WINDOWS\System32\msvcp_win.dll
0x6d1b0000 - 0x6d1d1000 	C:\Program Files (x86)\Arduino\java\bin\java.dll
0x69930000 - 0x699ab000 	C:\Program Files (x86)\Common Files\Microsoft Shared\Ink\tiptsf.dll
0x6ea20000 - 0x6ea33000 	C:\Program Files (x86)\Arduino\java\bin\zip.dll
0x76a80000 - 0x76a8d000 	C:\WINDOWS\System32\kernel.appcore.dll
0x745f0000 - 0x74674000 	C:\WINDOWS\System32\clbcatq.dll
0x67120000 - 0x67272000 	C:\Windows\System32\uiautomationcore.dll
0x73aa0000 - 0x73aba000 	C:\Windows\System32\USERENV.dll
0x764c0000 - 0x764cf000 	C:\WINDOWS\System32\profapi.dll
0x690e0000 - 0x69161000 	C:\WINDOWS\SYSTEM32\sxs.dll
0x719f0000 - 0x71a44000 	C:\Windows\System32\OLEACC.dll
0x6a000000 - 0x6a06c000 	C:\WINDOWS\SYSTEM32\twinapi.dll
0x76c50000 - 0x76cd8000 	C:\WINDOWS\System32\shcore.dll
0x683a0000 - 0x68491000 	C:\WINDOWS\SYSTEM32\twinapi.appcore.dll
0x739d0000 - 0x739eb000 	C:\WINDOWS\SYSTEM32\bcrypt.dll
0x75050000 - 0x76428000 	C:\WINDOWS\System32\SHELL32.dll
0x77350000 - 0x778be000 	C:\WINDOWS\System32\windows.storage.dll
0x77ac0000 - 0x77b05000 	C:\WINDOWS\System32\powrprof.dll
0x74d40000 - 0x74d86000 	C:\WINDOWS\System32\shlwapi.dll
0x69a80000 - 0x69bc5000 	C:\Program Files (x86)\Arduino\java\bin\awt.dll
0x6dba0000 - 0x6dc32000 	C:\WINDOWS\SYSTEM32\apphelp.dll
0x71770000 - 0x7178f000 	C:\WINDOWS\system32\dwmapi.dll
0x76960000 - 0x76a4b000 	C:\WINDOWS\System32\ole32.dll
0x61740000 - 0x6176c000 	C:\Program Files (x86)\Arduino\lib\listSerialsj.dll
0x76ee0000 - 0x772eb000 	C:\WINDOWS\System32\SETUPAPI.dll
0x70d80000 - 0x70d93000 	C:\WINDOWS\SYSTEM32\CRYPTSP.dll
0x70bc0000 - 0x70bef000 	C:\WINDOWS\system32\rsaenh.dll
0x6dc40000 - 0x6dc56000 	C:\Program Files (x86)\Arduino\java\bin\net.dll
0x73210000 - 0x7325e000 	C:\WINDOWS\system32\mswsock.dll
0x73f10000 - 0x73f3f000 	C:\WINDOWS\SYSTEM32\IPHLPAPI.DLL
0x77a30000 - 0x77a37000 	C:\WINDOWS\System32\NSI.dll
0x6ead0000 - 0x6eae3000 	C:\WINDOWS\SYSTEM32\dhcpcsvc6.DLL
0x6eab0000 - 0x6eac4000 	C:\WINDOWS\SYSTEM32\dhcpcsvc.DLL
0x6db20000 - 0x6db2f000 	C:\Program Files (x86)\Arduino\java\bin\nio.dll
0x257c0000 - 0x257fd000 	C:\Users\pangj\AppData\Local\Temp\jna-106433088\jna7583207545875738240.dll
0x6ce30000 - 0x6ce69000 	C:\Program Files (x86)\Arduino\java\bin\fontmanager.dll
0x69d20000 - 0x69d52000 	C:\Program Files (x86)\Arduino\java\bin\t2k.dll
0x71c90000 - 0x71cb2000 	C:\WINDOWS\SYSTEM32\DEVOBJ.dll
0x74680000 - 0x746c4000 	C:\WINDOWS\System32\WINTRUST.dll
0x75040000 - 0x7504e000 	C:\WINDOWS\System32\MSASN1.dll
0x74e70000 - 0x74fed000 	C:\WINDOWS\System32\CRYPT32.dll
0x6ec50000 - 0x6eccd000 	C:\WINDOWS\SYSTEM32\DNSAPI.dll
0x6eb80000 - 0x6eb88000 	C:\Windows\System32\rasadhlp.dll
0x69480000 - 0x694e9000 	C:\Program Files (x86)\Arduino\msvcp100.dll
0x693c0000 - 0x6947e000 	C:\Program Files (x86)\Arduino\msvcr100.dll
0x29360000 - 0x29392000 	C:\Program Files (x86)\Arduino\lib\AStylej.dll
0x69fd0000 - 0x69ff4000 	C:\Program Files (x86)\Arduino\java\bin\dcpr.dll
0x68b00000 - 0x68c6e000 	C:\WINDOWS\SYSTEM32\WindowsCodecs.dll
0x68ed0000 - 0x68f14000 	C:\WINDOWS\system32\dataexchange.dll
0x68530000 - 0x68643000 	C:\WINDOWS\system32\dcomp.dll
0x68650000 - 0x68880000 	C:\WINDOWS\system32\d3d11.dll
0x684a0000 - 0x68523000 	C:\WINDOWS\system32\dxgi.dll
0x6e260000 - 0x6e3a5000 	C:\WINDOWS\SYSTEM32\dbghelp.dll

VM Arguments:
jvm_args: -Dsun.java2d.d3d=false -Djna.nosys=true -DAPP_DIR=C:\Program Files (x86)\Arduino -Xms128M -Xmx512M 
java_command: processing.app.Base C:\Users\pangj\Documents\GitHub\Arduino-MIDI-Controller\Misc Sketches\rgb_color_input\rgb_color_input.ino
java_class_path (initial): C:\Program Files (x86)\Arduino\lib\apple.jar;C:\Program Files (x86)\Arduino\lib\arduino-core.jar;C:\Program Files (x86)\Arduino\lib\batik-1.8.jar;C:\Program Files (x86)\Arduino\lib\batik-anim-1.8.jar;C:\Program Files (x86)\Arduino\lib\batik-awt-util-1.8.jar;C:\Program Files (x86)\Arduino\lib\batik-bridge-1.8.jar;C:\Program Files (x86)\Arduino\lib\batik-codec-1.8.jar;C:\Program Files (x86)\Arduino\lib\batik-css-1.8.jar;C:\Program Files (x86)\Arduino\lib\batik-dom-1.8.jar;C:\Program Files (x86)\Arduino\lib\batik-ext-1.8.jar;C:\Program Files (x86)\Arduino\lib\batik-gvt-1.8.jar;C:\Program Files (x86)\Arduino\lib\batik-parser-1.8.jar;C:\Program Files (x86)\Arduino\lib\batik-rasterizer-1.8.jar;C:\Program Files (x86)\Arduino\lib\batik-script-1.8.jar;C:\Program Files (x86)\Arduino\lib\batik-squiggle-1.8.jar;C:\Program Files (x86)\Arduino\lib\batik-svg-dom-1.8.jar;C:\Program Files (x86)\Arduino\lib\batik-svgpp-1.8.jar;C:\Program Files (x86)\Arduino\lib\batik-transcoder-1.8.jar;C:\Program Files (x86)\Arduino\lib\batik-util-1.8.jar;C:\Program Files (x86)\Arduino\lib\batik-xml-1.8.jar;C:\Program Files (x86)\Arduino\lib\bcpg-jdk15on-152.jar;C:\Program Files (x86)\Arduino\lib\bcprov-jdk15on-152.jar;C:\Program Files (x86)\Arduino\lib\commons-codec-1.7.jar;C:\Program Files (x86)\Arduino\lib\commons-compress-1.8.jar;C:\Program Files (x86)\Arduino\lib\commons-exec-1.1.jar;C:\Program Files (x86)\Arduino\lib\commons-httpclient-3.1.jar;C:\Program Files (x86)\Arduino\lib\commons-lang3-3.3.2.jar;C:\Program Files (x86)\Arduino\lib\commons-logging-1.0.4.jar;C:\Program Files (x86)\Arduino\lib\commons-net-3.3.jar;C:\Program Files (x86)\Arduino\lib\jackson-annotations-2.6.3.jar;C:\Program Files (x86)\Arduino\lib\jackson-core-2.6.3.jar;C:\Program Files (x86)\Arduino\lib\jackson-databind-2.6.3.jar;C:\Program Files (x86)\Arduino\lib\jackson-module-mrbean-2.6.3.jar;C:\Program Files (x86)\Arduino\lib\java-semver-0.8.0.jar;C:\Program Files (x86)\Arduino\lib\jmdns-3.4.1.j
Launcher Type: SUN_STANDARD

Environment Variables:
PATH=C:\ProgramData\Oracle\Java\javapath;C:\Program Files (x86)\Intel\iCLS Client\;C:\Program Files\Intel\iCLS Client\;C:\Windows\system32;C:\Windows;C:\Windows\System32\Wbem;C:\Windows\System32\WindowsPowerShell\v1.0\;C:\Program Files (x86)\NVIDIA Corporation\PhysX\Common;C:\Program Files (x86)\Intel\Intel(R) Management Engine Components\DAL;C:\Program Files\Intel\Intel(R) Management Engine Components\DAL;C:\Program Files (x86)\Intel\Intel(R) Management Engine Components\IPT;C:\Program Files\Intel\Intel(R) Management Engine Components\IPT;C:\WINDOWS\system32;C:\WINDOWS;C:\WINDOWS\System32\Wbem;C:\WINDOWS\System32\WindowsPowerShell\v1.0\;C:\Program Files\Git\cmd;C:\Program Files\Git\mingw64\bin;C:\Program Files\Git\usr\bin;C:\Python36\Scripts\;C:\Python36\;C:\Users\pangj\AppData\Local\Microsoft\WindowsApps;C:\Program Files (x86)\SSH Communications Security\SSH Secure Shell;C:\Users\pangj\AppData\Local\atom\bin;C:\Program Files (x86)\Arduino\java\bin
USERNAME=pangj
OS=Windows_NT
PROCESSOR_IDENTIFIER=Intel64 Family 6 Model 78 Stepping 3, GenuineIntel



---------------  S Y S T E M  ---------------

OS: Windows 10.0 , 64 bit Build 14393 (10.0.14393.0)

CPU:total 4 (2 cores per cpu, 2 threads per core) family 6 model 78 stepping 3, cmov, cx8, fxsr, mmx, sse, sse2, sse3, ssse3, sse4.1, sse4.2, popcnt, avx, avx2, aes, clmul, erms, 3dnowpref, lzcnt, ht, tsc, tscinvbit, bmi1, bmi2, adx

Memory: 4k page, physical 16657464k(11176844k free), swap 19147832k(12796912k free)

vm_info: Java HotSpot(TM) Client VM (25.92-b14) for windows-x86 JRE (1.8.0_92-b14), built on Mar 31 2016 21:09:21 by "java_re" with MS VC++ 10.0 (VS2010)

time: Sat Apr 29 17:26:19 2017
elapsed time: 773 seconds (0d 0h 12m 53s)

